[2025-07-12 20:08:47] BOT IS ONLINE
[2025-07-12 20:08:48] ✅ Created category: victim-49-206-100-21
[2025-07-12 20:08:48] ✅ Created channel: Victiminfo
[2025-07-12 20:08:49] ✅ Created channel: control-panel
[2025-07-12 20:08:49] ✅ Created channel: file-related
[2025-07-12 20:08:50] ✅ Created channel: recording
[2025-07-12 20:08:50] ✅ Created channel: screenshots
[2025-07-12 20:08:51] ✅ Created channel: keylogger
[2025-07-12 20:16:24] BOT IS ONLINE
[2025-07-12 20:16:25] ⚠️ Category already exists: victim-49-206-100-21
[2025-07-12 20:17:51] BOT IS ONLINE
[2025-07-12 20:17:51] ⚠️ Category already exists: victim-49-206-100-21
[2025-07-12 20:25:16] BOT IS ONLINE
[2025-07-12 20:25:16] ⚠️ Category already exists: victim-49-206-100-21
[2025-07-12 20:25:17] ✅ Created channel: Victiminfo
[2025-07-12 20:26:29] BOT IS ONLINE
[2025-07-12 20:26:29] ⚠️ Category already exists: victim-49-206-100-21
[2025-07-12 20:27:16] BOT IS ONLINE
[2025-07-12 20:27:17] ⚠️ Category already exists: victim-49-206-100-21
[2025-07-12 20:29:51] BOT IS ONLINE
[2025-07-12 20:29:51] ⚠️ Category already exists: victim-49-206-100-21
[2025-07-12 20:30:32] BOT IS ONLINE
[2025-07-12 20:30:33] ⚠️ Category already exists: victim-49-206-100-21
